This is pdfTeX, Version 3.1415926-2.3-1.40.12 (MiKTeX 2.9) (preloaded format=pdflatex 2012.2.1)  14 DEC 2012 20:10
entering extended mode
**dt_classifier_paper.tex
(E:\Project\GitHub\GWClassifier\Paper\dt_classifier_paper.tex
LaTeX2e <2011/06/27>
Babel <v3.8m> and hyphenation patterns for english, afrikaans, ancientgreek, ar
abic, armenian, assamese, basque, bengali, bokmal, bulgarian, catalan, coptic, 
croatian, czech, danish, dutch, esperanto, estonian, farsi, finnish, french, ga
lician, german, german-x-2009-06-19, greek, gujarati, hindi, hungarian, iceland
ic, indonesian, interlingua, irish, italian, kannada, kurmanji, lao, latin, lat
vian, lithuanian, malayalam, marathi, mongolian, mongolianlmc, monogreek, ngerm
an, ngerman-x-2009-06-19, nynorsk, oriya, panjabi, pinyin, polish, portuguese, 
romanian, russian, sanskrit, serbian, slovak, slovenian, spanish, swedish, swis
sgerman, tamil, telugu, turkish, turkmen, ukenglish, ukrainian, uppersorbian, u
senglishmax, welsh, loaded.
(E:\Project\GitHub\GWClassifier\Paper\IEEEtran.cls
Document Class: IEEEtran 2007/03/05 V1.7a by Michael Shell
-- See the "IEEEtran_HOWTO" manual for usage information.
-- http://www.michaelshell.org/tex/ieeetran/
\@IEEEtrantmpdimenA=\dimen102
\@IEEEtrantmpdimenB=\dimen103
\@IEEEtrantmpcountA=\count79
\@IEEEtrantmpcountB=\count80
\@IEEEtrantmptoksA=\toks14
LaTeX Font Info:    Try loading font information for OT1+ptm on input line 366.

("G:\Program Files\MikTex\tex\latex\psnfss\ot1ptm.fd"
File: ot1ptm.fd 2001/06/04 font definitions for OT1/ptm.
)
-- Using 8.5in x 11in (letter) paper.
-- Using PDF output.
\@IEEEnormalsizeunitybaselineskip=\dimen104
-- This is a 10 point document.
\CLASSINFOnormalsizebaselineskip=\dimen105
\CLASSINFOnormalsizeunitybaselineskip=\dimen106
\IEEEnormaljot=\dimen107
LaTeX Font Info:    Font shape `OT1/ptm/bx/n' in size <5> not available
(Font)              Font shape `OT1/ptm/b/n' tried instead on input line 724.
LaTeX Font Info:    Font shape `OT1/ptm/bx/it' in size <5> not available
(Font)              Font shape `OT1/ptm/b/it' tried instead on input line 724.
LaTeX Font Info:    Font shape `OT1/ptm/bx/n' in size <7> not available
(Font)              Font shape `OT1/ptm/b/n' tried instead on input line 724.
LaTeX Font Info:    Font shape `OT1/ptm/bx/it' in size <7> not available
(Font)              Font shape `OT1/ptm/b/it' tried instead on input line 724.
LaTeX Font Info:    Font shape `OT1/ptm/bx/n' in size <8> not available
(Font)              Font shape `OT1/ptm/b/n' tried instead on input line 724.
LaTeX Font Info:    Font shape `OT1/ptm/bx/it' in size <8> not available
(Font)              Font shape `OT1/ptm/b/it' tried instead on input line 724.
LaTeX Font Info:    Font shape `OT1/ptm/bx/n' in size <9> not available
(Font)              Font shape `OT1/ptm/b/n' tried instead on input line 724.
LaTeX Font Info:    Font shape `OT1/ptm/bx/it' in size <9> not available
(Font)              Font shape `OT1/ptm/b/it' tried instead on input line 724.
LaTeX Font Info:    Font shape `OT1/ptm/bx/n' in size <10> not available
(Font)              Font shape `OT1/ptm/b/n' tried instead on input line 724.
LaTeX Font Info:    Font shape `OT1/ptm/bx/it' in size <10> not available
(Font)              Font shape `OT1/ptm/b/it' tried instead on input line 724.
LaTeX Font Info:    Font shape `OT1/ptm/bx/n' in size <11> not available
(Font)              Font shape `OT1/ptm/b/n' tried instead on input line 724.
LaTeX Font Info:    Font shape `OT1/ptm/bx/it' in size <11> not available
(Font)              Font shape `OT1/ptm/b/it' tried instead on input line 724.
LaTeX Font Info:    Font shape `OT1/ptm/bx/n' in size <12> not available
(Font)              Font shape `OT1/ptm/b/n' tried instead on input line 724.
LaTeX Font Info:    Font shape `OT1/ptm/bx/it' in size <12> not available
(Font)              Font shape `OT1/ptm/b/it' tried instead on input line 724.
LaTeX Font Info:    Font shape `OT1/ptm/bx/n' in size <17> not available
(Font)              Font shape `OT1/ptm/b/n' tried instead on input line 724.
LaTeX Font Info:    Font shape `OT1/ptm/bx/it' in size <17> not available
(Font)              Font shape `OT1/ptm/b/it' tried instead on input line 724.
LaTeX Font Info:    Font shape `OT1/ptm/bx/n' in size <20> not available
(Font)              Font shape `OT1/ptm/b/n' tried instead on input line 724.
LaTeX Font Info:    Font shape `OT1/ptm/bx/it' in size <20> not available
(Font)              Font shape `OT1/ptm/b/it' tried instead on input line 724.
LaTeX Font Info:    Font shape `OT1/ptm/bx/n' in size <24> not available
(Font)              Font shape `OT1/ptm/b/n' tried instead on input line 724.
LaTeX Font Info:    Font shape `OT1/ptm/bx/it' in size <24> not available
(Font)              Font shape `OT1/ptm/b/it' tried instead on input line 724.
\IEEEilabelindentA=\dimen108
\IEEEilabelindentB=\dimen109
\IEEEilabelindent=\dimen110
\IEEEelabelindent=\dimen111
\IEEEdlabelindent=\dimen112
\IEEElabelindent=\dimen113
\IEEEiednormlabelsep=\dimen114
\IEEEiedmathlabelsep=\dimen115
\IEEEiedtopsep=\skip41
\c@section=\count81
\c@subsection=\count82
\c@subsubsection=\count83
\c@paragraph=\count84
\c@IEEEsubequation=\count85
\abovecaptionskip=\skip42
\belowcaptionskip=\skip43
\c@figure=\count86
\c@table=\count87
\@IEEEeqnnumcols=\count88
\@IEEEeqncolcnt=\count89
\@IEEEtmpitemindent=\dimen116
\c@IEEEbiography=\count90
\@IEEEtranrubishbin=\box26
) ("G:\Program Files\MikTex\tex\latex\graphics\graphicx.sty"
Package: graphicx 1999/02/16 v1.0f Enhanced LaTeX Graphics (DPC,SPQR)

("G:\Program Files\MikTex\tex\latex\graphics\keyval.sty"
Package: keyval 1999/03/16 v1.13 key=value parser (DPC)
\KV@toks@=\toks15
)
("G:\Program Files\MikTex\tex\latex\graphics\graphics.sty"
Package: graphics 2009/02/05 v1.0o Standard LaTeX Graphics (DPC,SPQR)

("G:\Program Files\MikTex\tex\latex\graphics\trig.sty"
Package: trig 1999/03/16 v1.09 sin cos tan (DPC)
)
("G:\Program Files\MikTex\tex\latex\00miktex\graphics.cfg"
File: graphics.cfg 2007/01/18 v1.5 graphics configuration of teTeX/TeXLive
)
Package graphics Info: Driver file: pdftex.def on input line 91.

("G:\Program Files\MikTex\tex\latex\pdftex-def\pdftex.def"
File: pdftex.def 2011/05/27 v0.06d Graphics/color for pdfTeX

("G:\Program Files\MikTex\tex\generic\oberdiek\infwarerr.sty"
Package: infwarerr 2010/04/08 v1.3 Providing info/warning/message (HO)
)
("G:\Program Files\MikTex\tex\generic\oberdiek\ltxcmds.sty"
Package: ltxcmds 2011/04/18 v1.20 LaTeX kernel commands for general use (HO)
)
\Gread@gobject=\count91
))
\Gin@req@height=\dimen117
\Gin@req@width=\dimen118
)
("G:\Program Files\MikTex\tex\latex\preprint\authblk.sty"
Package: authblk 2009/11/18 1.3 (PWD)
\affilsep=\skip44
\@affilsep=\skip45
\c@Maxaffil=\count92
\c@authors=\count93
\c@affil=\count94
)
(E:\Project\GitHub\GWClassifier\Paper\dt_classifier_paper.aux)
LaTeX Font Info:    Checking defaults for OML/cmm/m/it on input line 96.
LaTeX Font Info:    ... okay on input line 96.
LaTeX Font Info:    Checking defaults for T1/cmr/m/n on input line 96.
LaTeX Font Info:    ... okay on input line 96.
LaTeX Font Info:    Checking defaults for OT1/cmr/m/n on input line 96.
LaTeX Font Info:    ... okay on input line 96.
LaTeX Font Info:    Checking defaults for OMS/cmsy/m/n on input line 96.
LaTeX Font Info:    ... okay on input line 96.
LaTeX Font Info:    Checking defaults for OMX/cmex/m/n on input line 96.
LaTeX Font Info:    ... okay on input line 96.
LaTeX Font Info:    Checking defaults for U/cmr/m/n on input line 96.
LaTeX Font Info:    ... okay on input line 96.

("G:\Program Files\MikTex\tex\context\base\supp-pdf.mkii"
[Loading MPS to PDF converter (version 2006.09.02).]
\scratchcounter=\count95
\scratchdimen=\dimen119
\scratchbox=\box27
\nofMPsegments=\count96
\nofMParguments=\count97
\everyMPshowfont=\toks16
\MPscratchCnt=\count98
\MPscratchDim=\dimen120
\MPnumerator=\count99
\makeMPintoPDFobject=\count100
\everyMPtoPDFconversion=\toks17
)
Missing character: There is no Ô in font ptmr7t!
Missing character: There is no ¨ in font ptmr7t!
Missing character: There is no Å in font ptmr7t!

** WARNING: \thanks is locked out when in conference mode (line 164).
LaTeX Font Info:    Calculating math sizes for size <11> on input line 164.
LaTeX Font Info:    External font `cmex10' loaded for size
(Font)              <11> on input line 164.
LaTeX Font Info:    External font `cmex10' loaded for size
(Font)              <7.69997> on input line 164.
LaTeX Font Info:    External font `cmex10' loaded for size
(Font)              <5.5> on input line 164.

Overfull \hbox (29.15048pt too wide) in paragraph at lines 164--164
 [] 
 []

Missing character: There is no Ô in font ptmr7t!
Missing character: There is no ¨ in font ptmr7t!
Missing character: There is no Å in font ptmr7t!

Overfull \hbox (29.15048pt too wide) in paragraph at lines 164--164
 [] 
 []

** ATTENTION: \keywords is deprecated (line 174). Use \IEEEkeywords instead.
LaTeX Font Info:    External font `cmex10' loaded for size
(Font)              <7> on input line 206.
LaTeX Font Info:    External font `cmex10' loaded for size
(Font)              <5> on input line 206.

Underfull \hbox (badness 10000) in paragraph at lines 209--210
[]\OT1/ptm/b/n/10 CHi-squared Au-to-matic In-ter-ac-tion De-tec-tor
 []

Missing character: There is no ‚ in font ptmr7t!
Missing character: There is no Ä in font ptmr7t!
Missing character: There is no ¶ in font ptmr7t!
Missing character: There is no ‚ in font cmr10!
Missing character: There is no Ä in font cmr10!
Missing character: There is no ¶ in font cmr10!
[1{C:/Users/samiriff/AppData/Local/MiKTeX/2.9/pdftex/config/pdftex.map}


]
<dfd.png, id=15, 1081.03876pt x 308.65312pt>
File: dfd.png Graphic file (type png)
 <use dfd.png>
Package pdftex.def Info: dfd.png used on input line 303.
(pdftex.def)             Requested size: 270.25902pt x 77.16309pt.

Overfull \hbox (18.25902pt too wide) in paragraph at lines 303--304
 [][] 
 []


LaTeX Warning: `!h' float specifier changed to `!ht'.

[2 <E:/Project/GitHub/GWClassifier/Paper/dfd.png>] [3]
<ga_algo_stats.png, id=24, 606.01407pt x 463.7325pt>
File: ga_algo_stats.png Graphic file (type png)
 <use ga_algo_stats.png>
Package pdftex.def Info: ga_algo_stats.png used on input line 469.
(pdftex.def)             Requested size: 242.40132pt x 185.4897pt.

<manual_sel_stats.png, id=25, 651.93562pt x 465.23813pt>
File: manual_sel_stats.png Graphic file (type png)

<use manual_sel_stats.png>
Package pdftex.def Info: manual_sel_stats.png used on input line 477.
(pdftex.def)             Requested size: 195.58218pt x 139.57251pt.
 [4 <E:/Project/GitHub/GWClassifier/Paper/ga_algo_stats.png> <E:/Project/GitHub
/GWClassifier/Paper/manual_sel_stats.png>]
Missing character: There is no √ in font ptmr7t!
Missing character: There is no © in font ptmr7t!
Missing character: There is no ‚ in font ptmr7t!
Missing character: There is no Ä in font ptmr7t!
Missing character: There is no ì in font ptmr7t!

Underfull \hbox (badness 1546) in paragraph at lines 525--529
[]\OT1/ptm/m/n/8 Jing Xu, Ming Zhao,Jos Fortes, Robert Car-pen-ter, Mazin Yousi
f.
 []


Underfull \hbox (badness 1430) in paragraph at lines 525--529
\OT1/ptm/m/it/8 Au-to-nomic re-source man-age-ment in vir-tu-al-ized data cen-t
ers us-ing
 []


Underfull \hbox (badness 10000) in paragraph at lines 530--531
[]\OT1/ptm/m/n/8 T. Wood et al., \OT1/ptm/m/it/8 Sandpiper.Black-box and gray-b
ox re-source
 []


Underfull \hbox (badness 10000) in paragraph at lines 530--531
\OT1/ptm/m/it/8 man-age-ment for vir-tual ma-chines\OT1/ptm/m/n/8 , Com-puter N
et-work (2009),
 []


** Conference Paper **
Before submitting the final camera ready copy, remember to:

 1. Manually equalize the lengths of two columns on the last page
 of your paper;

 2. Ensure that any PostScript and/or PDF output post-processing
 uses only Type 1 fonts and that every step in the generation
 process uses the appropriate paper size.

[5

] (E:\Project\GitHub\GWClassifier\Paper\dt_classifier_paper.aux)

LaTeX Warning: Label(s) may have changed. Rerun to get cross-references right.

 )
(\end occurred when \iftrue on line 82 was incomplete) 
Here is how much of TeX's memory you used:
 1900 strings out of 494045
 29320 string characters out of 3149991
 87432 words of memory out of 3000000
 5220 multiletter control sequences out of 15000+200000
 38663 words of font info for 72 fonts, out of 3000000 for 9000
 715 hyphenation exceptions out of 8191
 29i,11n,21p,637b,331s stack positions out of 5000i,500n,10000p,200000b,50000s
{G:/Program Files/MikTex/
fonts/enc/dvips/fontname/8r.enc}<G:/Program Files/MikTex/fonts/type1/public/ams
fonts/cm/cmmi10.pfb><G:/Program Files/MikTex/fonts/type1/public/amsfonts/cm/cmm
i7.pfb><G:/Program Files/MikTex/fonts/type1/public/amsfonts/cm/cmr10.pfb><G:/Pr
ogram Files/MikTex/fonts/type1/public/amsfonts/cm/cmr7.pfb><G:/Program Files/Mi
kTex/fonts/type1/public/amsfonts/cm/cmsy10.pfb><G:/Program Files/MikTex/fonts/t
ype1/public/amsfonts/cm/cmsy7.pfb><G:/Program Files/MikTex/fonts/type1/urw/time
s/utmb8a.pfb><G:/Program Files/MikTex/fonts/type1/urw/times/utmbi8a.pfb><G:/Pro
gram Files/MikTex/fonts/type1/urw/times/utmr8a.pfb><G:/Program Files/MikTex/fon
ts/type1/urw/times/utmri8a.pfb>
Output written on dt_classifier_paper.pdf (5 pages, 369110 bytes).
PDF statistics:
 66 PDF objects out of 1000 (max. 8388607)
 0 named destinations out of 1000 (max. 500000)
 16 words of extra memory for PDF output out of 10000 (max. 10000000)

